c:\users\jonathan\documents\github\jonte790-game-engine\sdl1\debug\vc120.pdb
c:\users\jonathan\documents\github\jonte790-game-engine\sdl1\debug\vc120.idb
c:\users\jonathan\documents\github\jonte790-game-engine\sdl1\debug\advancedtower.obj
c:\users\jonathan\documents\github\jonte790-game-engine\sdl1\debug\basictower.obj
c:\users\jonathan\documents\github\jonte790-game-engine\sdl1\debug\builder.obj
c:\users\jonathan\documents\github\jonte790-game-engine\sdl1\debug\checkpoint.obj
c:\users\jonathan\documents\github\jonte790-game-engine\sdl1\debug\enemy.obj
c:\users\jonathan\documents\github\jonte790-game-engine\sdl1\debug\gamehandler.obj
c:\users\jonathan\documents\github\jonte790-game-engine\sdl1\debug\g_button.obj
c:\users\jonathan\documents\github\jonte790-game-engine\sdl1\debug\label.obj
c:\users\jonathan\documents\github\jonte790-game-engine\sdl1\debug\main.obj
c:\users\jonathan\documents\github\jonte790-game-engine\sdl1\debug\projectile.obj
c:\users\jonathan\documents\github\jonte790-game-engine\sdl1\debug\rect.obj
c:\users\jonathan\documents\github\jonte790-game-engine\sdl1\debug\spawner.obj
c:\users\jonathan\documents\github\jonte790-game-engine\sdl1\debug\sprite.obj
c:\users\jonathan\documents\github\jonte790-game-engine\sdl1\debug\gameengine.obj
c:\users\jonathan\documents\github\jonte790-game-engine\sdl1\debug\tower.obj
c:\users\jonathan\documents\github\jonte790-game-engine\debug\sdl1.ilk
c:\users\jonathan\documents\github\jonte790-game-engine\debug\sdl1.exe
c:\users\jonathan\documents\github\jonte790-game-engine\debug\sdl1.pdb
c:\users\jonathan\documents\github\jonte790-game-engine\sdl1\debug\sdl1.tlog\cl.command.1.tlog
c:\users\jonathan\documents\github\jonte790-game-engine\sdl1\debug\sdl1.tlog\cl.read.1.tlog
c:\users\jonathan\documents\github\jonte790-game-engine\sdl1\debug\sdl1.tlog\cl.write.1.tlog
c:\users\jonathan\documents\github\jonte790-game-engine\sdl1\debug\sdl1.tlog\link.command.1.tlog
c:\users\jonathan\documents\github\jonte790-game-engine\sdl1\debug\sdl1.tlog\link.read.1.tlog
c:\users\jonathan\documents\github\jonte790-game-engine\sdl1\debug\sdl1.tlog\link.write.1.tlog
