Build started 2015-04-02 20:46:44.
     1>Project "C:\Users\Jonathan\Documents\GitHub\jonte790-game-engine\Sdl1\Sdl1.vcxproj" on node 2 (Build target(s)).
     1>ClCompile:
         C:\Program Files (x86)\Microsoft Visual Studio 12.0\VC\bin\CL.exe /c /I"C:\SDL2_ttf-2.0.12\include" /I"C:\SDL2-2.0.3\include" /Zi /nologo /W3 /WX- /O2 /Oi /Oy- /GL /D _MBCS /Gm- /EHsc /MDd /GS /Gy /fp:precise /Zc:wchar_t /Zc:forScope /Fo"Release\\" /Fd"Release\vc120.pdb" /Gd /TP /analyze- /errorReport:prompt GameEngine.cpp
         GameEngine.cpp
       Link:
         C:\Program Files (x86)\Microsoft Visual Studio 12.0\VC\bin\link.exe /ERRORREPORT:PROMPT /OUT:"C:\Users\Jonathan\Documents\GitHub\jonte790-game-engine\Release\Sdl1.exe" /NOLOGO /LIBPATH:"C:\SDL2_ttf-2.0.12\lib\x86" /LIBPATH:"C:\SDL2-2.0.3\lib\x86" SDL2_ttf.lib SDL2.lib SDL2main.lib kernel32.lib user32.lib gdi32.lib winspool.lib comdlg32.lib advapi32.lib shell32.lib ole32.lib oleaut32.lib uuid.lib odbc32.lib odbccp32.lib kernel32.lib user32.lib gdi32.lib winspool.lib comdlg32.lib advapi32.lib shell32.lib ole32.lib oleaut32.lib uuid.lib odbc32.lib odbccp32.lib /MANIFEST /MANIFESTUAC:"level='asInvoker' uiAccess='false'" /manifest:embed /DEBUG /PDB:"C:\Users\Jonathan\Documents\GitHub\jonte790-game-engine\Release\Sdl1.pdb" /SUBSYSTEM:WINDOWS /OPT:REF /OPT:ICF /LTCG /TLBID:1 /DYNAMICBASE /NXCOMPAT /IMPLIB:"C:\Users\Jonathan\Documents\GitHub\jonte790-game-engine\Release\Sdl1.lib" /MACHINE:X86 /SAFESEH Release\AdvancedTower.obj
         Release\BasicTower.obj
         Release\Builder.obj
         Release\Checkpoint.obj
         Release\Enemy.obj
         Release\GameHandler.obj
         Release\G_Button.obj
         Release\Label.obj
         Release\Main.obj
         Release\Projectile.obj
         Release\Rect.obj
         Release\Spawner.obj
         Release\Sprite.obj
         Release\GameEngine.obj
         Release\Tower.obj
     1>MSVCRTD.lib(cinitexe.obj) : warning LNK4098: defaultlib 'msvcrt.lib' conflicts with use of other libs; use /NODEFAULTLIB:library
         Generating code
         Finished generating code
     1>C:\Program Files (x86)\MSBuild\Microsoft.Cpp\v4.0\V120\Microsoft.CppCommon.targets(607,5): error MSB6006: "link.exe" exited with code 1201.
     1>LINK : fatal error LNK1201: error writing to program database 'C:\Users\Jonathan\Documents\GitHub\jonte790-game-engine\Release\Sdl1.pdb'; check for insufficient disk space, invalid path, or insufficient privilege
     1>Done Building Project "C:\Users\Jonathan\Documents\GitHub\jonte790-game-engine\Sdl1\Sdl1.vcxproj" (Build target(s)) -- FAILED.

Build FAILED.

Time Elapsed 00:00:05.84
